<?xml version="1.0" encoding="UTF-8"?>
<testng-results skipped="0" failed="0" total="1" passed="1">
  <reporter-output>
  </reporter-output>
  <suite name="Surefire suite" duration-ms="22756" started-at="2022-08-27T17:22:15Z" finished-at="2022-08-27T17:22:38Z">
    <groups>
    </groups>
    <test name="Surefire test" duration-ms="22756" started-at="2022-08-27T17:22:15Z" finished-at="2022-08-27T17:22:38Z">
      <class name="Automation.Cucumber.AppTest">
        <test-method status="PASS" signature="shouldAnswerWithTrue()[pri:0, instance:shouldAnswerWithTrue(Automation.Cucumber.AppTest)]" name="shouldAnswerWithTrue" duration-ms="2" started-at="2022-08-27T22:52:16Z" finished-at="2022-08-27T22:52:16Z">
          <reporter-output>
          </reporter-output>
        </test-method> <!-- shouldAnswerWithTrue -->
      </class> <!-- Automation.Cucumber.AppTest -->
    </test> <!-- Surefire test -->
  </suite> <!-- Surefire suite -->
</testng-results>
