<?xml version="1.0" encoding="UTF-8"?>
<!-- Generated by org.testng.reporters.JUnitXMLReporter -->
<testsuite hostname="DESKTOP-EH707IO" name="Test" tests="6" failures="0" timestamp="15 Sep 2022 08:03:09 GMT" time="881.734" errors="0">
  <testcase name="grossprofit_percentage" time="167.892" classname="fixtest.FixedOpsloginTest"/>
  <testcase name="jobcount" time="156.945" classname="fixtest.FixedOpsloginTest"/>
  <testcase name="partsale" time="145.626" classname="fixtest.FixedOpsloginTest"/>
  <testcase name="partscost" time="154.543" classname="fixtest.FixedOpsloginTest"/>
  <testcase name="partsmarkup" time="118.962" classname="fixtest.FixedOpsloginTest"/>
  <testcase name="workmix_percentage" time="137.522" classname="fixtest.FixedOpsloginTest"/>
</testsuite> <!-- Test -->
