<?xml version="1.0" encoding="UTF-8"?>
<!-- Generated by org.testng.reporters.JUnitXMLReporter -->
<testsuite hostname="DESKTOP-EH707IO" name="Test" tests="6" failures="0" timestamp="3 Sep 2022 16:49:38 GMT" time="453.115" errors="0">
  <testcase name="validateAddtofavorities" time="296.837" classname="fixtest.CPsummaryOverviewTest"/>
  <testcase name="validateTooltip" time="32.283" classname="fixtest.CPsummaryOverviewTest"/>
  <testcase name="validateGraphexpand" time="88.014" classname="fixtest.CPsummaryOverviewTest"/>
  <testcase name="validateDataasof" time="3.104" classname="fixtest.CPsummaryOverviewTest"/>
  <testcase name="validatedraganddrop" time="29.765" classname="fixtest.CPsummaryOverviewTest"/>
  <testcase name="validatecpsumoverviewtitle" time="3.086" classname="fixtest.CPsummaryOverviewTest"/>
</testsuite> <!-- Test -->
