<?xml version="1.0" encoding="UTF-8"?>
<testsuite xmlns:xsi="http://www.w3.org/2001/XMLSchema-instance" xsi:noNamespaceSchemaLocation="https://maven.apache.org/surefire/maven-surefire-plugin/xsd/surefire-test-report-3.0.xsd" version="3.0" name="TestSuite" time="458.355" tests="6" errors="0" skipped="0" failures="0">
  <properties>
[...]
</properties>
  <testcase name="validateAddtofavorities" classname="fixtest.CPsummaryOverviewTest" time="296.839">
    <system-out><![CDATA[6
CP Revenue chart successfully added to favorites
CP Gross Profit chart successfully added to favorites
CP Gross Profit Percenatge chart successfully added to favorites
CP Labor Sold Hours chart successfully added to favorites
CP Effective Labor Rate chart successfully added to favorites
CP Parts Markup chart successfully added to favorites
]]></system-out>
    <system-err><![CDATA[SLF4J: Failed to load class "org.slf4j.impl.StaticLoggerBinder".
SLF4J: Defaulting to no-operation (NOP) logger implementation
SLF4J: See http://www.slf4j.org/codes.html#StaticLoggerBinder for further details.
Starting ChromeDriver 104.0.5112.79 (3cf3e8c8a07d104b9e1260c910efb8f383285dc5-refs/branch-heads/5112@{#1307}) on port 51758
Only local connections are allowed.
Please see https://chromedriver.chromium.org/security-considerations for suggestions on keeping ChromeDriver safe.
ChromeDriver was started successfully.
[1662223353.371][WARNING]: This version of ChromeDriver has not been tested with Chrome version 105.
Sep 03, 2022 10:12:46 PM org.openqa.selenium.remote.ProtocolHandshake createSession
INFO: Detected upstream dialect: W3C
Sep 03, 2022 10:12:47 PM org.openqa.selenium.devtools.CdpVersionFinder findNearestMatch
WARNING: Unable to find an exact match for CDP version 105, so returning the closest version found: 102
Sep 03, 2022 10:12:47 PM org.openqa.selenium.devtools.CdpVersionFinder findNearestMatch
INFO: Found CDP implementation for version 105 of 102
]]></system-err>
  </testcase>
  <testcase name="validateTooltip" classname="fixtest.CPsummaryOverviewTest" time="32.276">
    <system-out><![CDATA[CP Revenue tool tip is validated
CP Gross Profit tool tip is validated
CP Gross Profit Percentage tool tip is validated
CP Labor Sold Hours tool tip is validated
CP Effective Labor Rate tool tip is validated
CP Parts Markup tool tip is validated
]]></system-out>
  </testcase>
  <testcase name="validateGraphexpand" classname="fixtest.CPsummaryOverviewTest" time="88.015">
    <system-out><![CDATA[CP Revenue chart successfully expanded
CP Gross Profit chart successfully expanded
CP Gross Profit Percenatge chart successfully expanded
CP Labor Sold Hours chart successfully expanded
CP Effective Labor Rate chart successfully expanded
CP Parts Markup chart successfully expanded
]]></system-out>
  </testcase>
  <testcase name="validateDataasof" classname="fixtest.CPsummaryOverviewTest" time="3.107">
    <system-out><![CDATA[Data as of: 09/02/22
data as of validated
]]></system-out>
  </testcase>
  <testcase name="validatedraganddrop" classname="fixtest.CPsummaryOverviewTest" time="29.766">
    <system-out><![CDATA[CP Revenue 942 chart successfully drag and dropped
CP Revenue 942 chart successfully reset
]]></system-out>
  </testcase>
  <testcase name="validatecpsumoverviewtitle" classname="fixtest.CPsummaryOverviewTest" time="3.089">
    <system-out><![CDATA[CP Summary Overview
CP Summary Overview validated
]]></system-out>
  </testcase>
</testsuite>