<?xml version="1.0" encoding="UTF-8"?>
<testng-results skipped="0" failed="0" total="6" passed="6">
  <reporter-output>
  </reporter-output>
  <suite name="Suite" duration-ms="453115" started-at="2022-09-03T16:42:05Z" finished-at="2022-09-03T16:49:38Z">
    <groups>
    </groups>
    <test name="Test" duration-ms="453115" started-at="2022-09-03T16:42:05Z" finished-at="2022-09-03T16:49:38Z">
      <class name="fixtest.CPsummaryOverviewTest">
        <test-method status="PASS" signature="validateAddtofavorities()[pri:0, instance:fixtest.CPsummaryOverviewTest@54c562f7]" name="validateAddtofavorities" duration-ms="296837" started-at="2022-09-03T22:12:05Z" finished-at="2022-09-03T22:17:02Z">
          <reporter-output>
          </reporter-output>
        </test-method> <!-- validateAddtofavorities -->
        <test-method status="PASS" signature="validateTooltip()[pri:0, instance:fixtest.CPsummaryOverviewTest@54c562f7]" name="validateTooltip" duration-ms="32283" started-at="2022-09-03T22:17:02Z" finished-at="2022-09-03T22:17:34Z">
          <reporter-output>
          </reporter-output>
        </test-method> <!-- validateTooltip -->
        <test-method status="PASS" signature="validateGraphexpand()[pri:0, instance:fixtest.CPsummaryOverviewTest@54c562f7]" name="validateGraphexpand" duration-ms="88014" started-at="2022-09-03T22:17:34Z" finished-at="2022-09-03T22:19:02Z">
          <reporter-output>
          </reporter-output>
        </test-method> <!-- validateGraphexpand -->
        <test-method status="PASS" signature="validateDataasof()[pri:0, instance:fixtest.CPsummaryOverviewTest@54c562f7]" name="validateDataasof" duration-ms="3104" started-at="2022-09-03T22:19:02Z" finished-at="2022-09-03T22:19:05Z">
          <reporter-output>
          </reporter-output>
        </test-method> <!-- validateDataasof -->
        <test-method status="PASS" signature="validatedraganddrop()[pri:0, instance:fixtest.CPsummaryOverviewTest@54c562f7]" name="validatedraganddrop" duration-ms="29765" started-at="2022-09-03T22:19:05Z" finished-at="2022-09-03T22:19:35Z">
          <reporter-output>
          </reporter-output>
        </test-method> <!-- validatedraganddrop -->
        <test-method status="PASS" signature="validatecpsumoverviewtitle()[pri:0, instance:fixtest.CPsummaryOverviewTest@54c562f7]" name="validatecpsumoverviewtitle" duration-ms="3086" started-at="2022-09-03T22:19:35Z" finished-at="2022-09-03T22:19:38Z">
          <reporter-output>
          </reporter-output>
        </test-method> <!-- validatecpsumoverviewtitle -->
      </class> <!-- fixtest.CPsummaryOverviewTest -->
    </test> <!-- Test -->
  </suite> <!-- Suite -->
</testng-results>
