<?xml version="1.0" encoding="UTF-8"?>
<testng-results skipped="0" failed="0" total="10" passed="10">
  <reporter-output>
  </reporter-output>
  <suite name="Default suite" duration-ms="880859" started-at="2022-09-16T12:03:09Z" finished-at="2022-09-16T12:17:50Z">
    <groups>
      <group name="cucumber">
        <method signature="AbstractTestNGCucumberTests.runScenario(io.cucumber.testng.PickleWrapper, io.cucumber.testng.FeatureWrapper)[pri:0, instance:cucumberOptions.Testrunner@34b7ac2f]" name="runScenario" class="io.cucumber.testng.AbstractTestNGCucumberTests"/>
      </group> <!-- cucumber -->
    </groups>
    <test name="Default test" duration-ms="880859" started-at="2022-09-16T12:03:09Z" finished-at="2022-09-16T12:17:50Z">
      <class name="cucumberOptions.Testrunner">
        <test-method status="PASS" signature="setUpClass(org.testng.ITestContext)[pri:0, instance:cucumberOptions.Testrunner@34b7ac2f]" name="setUpClass" is-config="true" duration-ms="434" started-at="2022-09-16T17:33:09Z" finished-at="2022-09-16T17:33:10Z">
          <params>
            <param index="0">
              <value>
                <![CDATA[org.testng.TestRunner@7bcecef6]]>
              </value>
            </param>
          </params>
          <reporter-output>
          </reporter-output>
        </test-method> <!-- setUpClass -->
        <test-method status="PASS" signature="runScenario(io.cucumber.testng.PickleWrapper, io.cucumber.testng.FeatureWrapper)[pri:0, instance:cucumberOptions.Testrunner@34b7ac2f]" name="runScenario" duration-ms="127885" started-at="2022-09-16T17:33:10Z" description="Runs Cucumber Scenarios" data-provider="scenarios" finished-at="2022-09-16T17:35:18Z">
          <params>
            <param index="0">
              <value>
                <![CDATA["Validate KPIreport login"]]>
              </value>
            </param>
            <param index="1">
              <value>
                <![CDATA["Validate KPIreport page"]]>
              </value>
            </param>
          </params>
          <reporter-output>
          </reporter-output>
        </test-method> <!-- runScenario -->
        <test-method status="PASS" signature="runScenario(io.cucumber.testng.PickleWrapper, io.cucumber.testng.FeatureWrapper)[pri:0, instance:cucumberOptions.Testrunner@34b7ac2f]" name="runScenario" duration-ms="79767" started-at="2022-09-16T17:35:18Z" description="Runs Cucumber Scenarios" data-provider="scenarios" finished-at="2022-09-16T17:36:37Z">
          <params>
            <param index="0">
              <value>
                <![CDATA["Validate KPIreport login"]]>
              </value>
            </param>
            <param index="1">
              <value>
                <![CDATA["Validate KPIreport page"]]>
              </value>
            </param>
          </params>
          <reporter-output>
          </reporter-output>
        </test-method> <!-- runScenario -->
        <test-method status="PASS" signature="runScenario(io.cucumber.testng.PickleWrapper, io.cucumber.testng.FeatureWrapper)[pri:0, instance:cucumberOptions.Testrunner@34b7ac2f]" name="runScenario" duration-ms="79914" started-at="2022-09-16T17:36:37Z" description="Runs Cucumber Scenarios" data-provider="scenarios" finished-at="2022-09-16T17:37:57Z">
          <params>
            <param index="0">
              <value>
                <![CDATA["Validate KPIreport login"]]>
              </value>
            </param>
            <param index="1">
              <value>
                <![CDATA["Validate KPIreport page"]]>
              </value>
            </param>
          </params>
          <reporter-output>
          </reporter-output>
        </test-method> <!-- runScenario -->
        <test-method status="PASS" signature="runScenario(io.cucumber.testng.PickleWrapper, io.cucumber.testng.FeatureWrapper)[pri:0, instance:cucumberOptions.Testrunner@34b7ac2f]" name="runScenario" duration-ms="72888" started-at="2022-09-16T17:37:57Z" description="Runs Cucumber Scenarios" data-provider="scenarios" finished-at="2022-09-16T17:39:10Z">
          <params>
            <param index="0">
              <value>
                <![CDATA["Validate KPIreport login"]]>
              </value>
            </param>
            <param index="1">
              <value>
                <![CDATA["Validate KPIreport page"]]>
              </value>
            </param>
          </params>
          <reporter-output>
          </reporter-output>
        </test-method> <!-- runScenario -->
        <test-method status="PASS" signature="runScenario(io.cucumber.testng.PickleWrapper, io.cucumber.testng.FeatureWrapper)[pri:0, instance:cucumberOptions.Testrunner@34b7ac2f]" name="runScenario" duration-ms="103395" started-at="2022-09-16T17:39:10Z" description="Runs Cucumber Scenarios" data-provider="scenarios" finished-at="2022-09-16T17:40:54Z">
          <params>
            <param index="0">
              <value>
                <![CDATA["Validate KPIreport login"]]>
              </value>
            </param>
            <param index="1">
              <value>
                <![CDATA["Validate KPIreport page"]]>
              </value>
            </param>
          </params>
          <reporter-output>
          </reporter-output>
        </test-method> <!-- runScenario -->
        <test-method status="PASS" signature="runScenario(io.cucumber.testng.PickleWrapper, io.cucumber.testng.FeatureWrapper)[pri:0, instance:cucumberOptions.Testrunner@34b7ac2f]" name="runScenario" duration-ms="95975" started-at="2022-09-16T17:40:54Z" description="Runs Cucumber Scenarios" data-provider="scenarios" finished-at="2022-09-16T17:42:30Z">
          <params>
            <param index="0">
              <value>
                <![CDATA["Validate KPIreport login"]]>
              </value>
            </param>
            <param index="1">
              <value>
                <![CDATA["Validate KPIreport page"]]>
              </value>
            </param>
          </params>
          <reporter-output>
          </reporter-output>
        </test-method> <!-- runScenario -->
        <test-method status="PASS" signature="runScenario(io.cucumber.testng.PickleWrapper, io.cucumber.testng.FeatureWrapper)[pri:0, instance:cucumberOptions.Testrunner@34b7ac2f]" name="runScenario" duration-ms="74772" started-at="2022-09-16T17:42:30Z" description="Runs Cucumber Scenarios" data-provider="scenarios" finished-at="2022-09-16T17:43:44Z">
          <params>
            <param index="0">
              <value>
                <![CDATA["Validate KPIreport login"]]>
              </value>
            </param>
            <param index="1">
              <value>
                <![CDATA["Validate KPIreport page"]]>
              </value>
            </param>
          </params>
          <reporter-output>
          </reporter-output>
        </test-method> <!-- runScenario -->
        <test-method status="PASS" signature="runScenario(io.cucumber.testng.PickleWrapper, io.cucumber.testng.FeatureWrapper)[pri:0, instance:cucumberOptions.Testrunner@34b7ac2f]" name="runScenario" duration-ms="73253" started-at="2022-09-16T17:43:44Z" description="Runs Cucumber Scenarios" data-provider="scenarios" finished-at="2022-09-16T17:44:58Z">
          <params>
            <param index="0">
              <value>
                <![CDATA["Validate KPIreport login"]]>
              </value>
            </param>
            <param index="1">
              <value>
                <![CDATA["Validate KPIreport page"]]>
              </value>
            </param>
          </params>
          <reporter-output>
          </reporter-output>
        </test-method> <!-- runScenario -->
        <test-method status="PASS" signature="runScenario(io.cucumber.testng.PickleWrapper, io.cucumber.testng.FeatureWrapper)[pri:0, instance:cucumberOptions.Testrunner@34b7ac2f]" name="runScenario" duration-ms="70998" started-at="2022-09-16T17:44:58Z" description="Runs Cucumber Scenarios" data-provider="scenarios" finished-at="2022-09-16T17:46:09Z">
          <params>
            <param index="0">
              <value>
                <![CDATA["Validate KPIreport login"]]>
              </value>
            </param>
            <param index="1">
              <value>
                <![CDATA["Validate KPIreport page"]]>
              </value>
            </param>
          </params>
          <reporter-output>
          </reporter-output>
        </test-method> <!-- runScenario -->
        <test-method status="PASS" signature="runScenario(io.cucumber.testng.PickleWrapper, io.cucumber.testng.FeatureWrapper)[pri:0, instance:cucumberOptions.Testrunner@34b7ac2f]" name="runScenario" duration-ms="99707" started-at="2022-09-16T17:46:09Z" description="Runs Cucumber Scenarios" data-provider="scenarios" finished-at="2022-09-16T17:47:48Z">
          <params>
            <param index="0">
              <value>
                <![CDATA["Validate KPIreport login"]]>
              </value>
            </param>
            <param index="1">
              <value>
                <![CDATA["Validate KPIreport page"]]>
              </value>
            </param>
          </params>
          <reporter-output>
          </reporter-output>
        </test-method> <!-- runScenario -->
        <test-method status="PASS" signature="tearDownClass()[pri:0, instance:cucumberOptions.Testrunner@34b7ac2f]" name="tearDownClass" is-config="true" duration-ms="1158" started-at="2022-09-16T17:47:49Z" finished-at="2022-09-16T17:47:50Z">
          <reporter-output>
          </reporter-output>
        </test-method> <!-- tearDownClass -->
      </class> <!-- cucumberOptions.Testrunner -->
    </test> <!-- Default test -->
  </suite> <!-- Default suite -->
</testng-results>
